<?xml version="1.0" encoding="UTF-8"?>
<testsuites name="jest tests" tests="8" failures="0" errors="0" time="1.345">
  <testsuite name="Backend integration testing (API + utilities + dependencies)" errors="0" failures="0" skipped="0" timestamp="2026-04-27T05:44:35" time="0.888" tests="5">
    <testcase classname="Backend integration testing (API + utilities + dependencies) API root route returns metadata" name="Backend integration testing (API + utilities + dependencies) API root route returns metadata" time="0.042">
    </testcase>
    <testcase classname="Backend integration testing (API + utilities + dependencies) Health route integrates with DB pool (success path)" name="Backend integration testing (API + utilities + dependencies) Health route integrates with DB pool (success path)" time="0.11">
    </testcase>
    <testcase classname="Backend integration testing (API + utilities + dependencies) Market price route rejects missing symbol" name="Backend integration testing (API + utilities + dependencies) Market price route rejects missing symbol" time="0.009">
    </testcase>
    <testcase classname="Backend integration testing (API + utilities + dependencies) Market price route (Binance) normalizes symbol and returns parsed price" name="Backend integration testing (API + utilities + dependencies) Market price route (Binance) normalizes symbol and returns parsed price" time="0.009">
    </testcase>
    <testcase classname="Backend integration testing (API + utilities + dependencies) Market price route (Bybit) returns parsed price" name="Backend integration testing (API + utilities + dependencies) Market price route (Bybit) returns parsed price" time="0.008">
    </testcase>
  </testsuite>
  <testsuite name="Full-stack integration (frontend-style HTTP client ↔ backend API)" errors="0" failures="0" skipped="0" timestamp="2026-04-27T05:44:36" time="0.18" tests="2">
    <testcase classname="Full-stack integration (frontend-style HTTP client ↔ backend API) Frontend can call backend root endpoint and read JSON" name="Full-stack integration (frontend-style HTTP client ↔ backend API) Frontend can call backend root endpoint and read JSON" time="0.022">
    </testcase>
    <testcase classname="Full-stack integration (frontend-style HTTP client ↔ backend API) Frontend can call backend health endpoint and receive OK status" name="Full-stack integration (frontend-style HTTP client ↔ backend API) Frontend can call backend health endpoint and receive OK status" time="0.016">
    </testcase>
  </testsuite>
  <testsuite name="Database integration (PostgreSQL connectivity)" errors="0" failures="0" skipped="0" timestamp="2026-04-27T05:44:36" time="0.133" tests="1">
    <testcase classname="Database integration (PostgreSQL connectivity) connects to PostgreSQL and executes SELECT 1" name="Database integration (PostgreSQL connectivity) connects to PostgreSQL and executes SELECT 1" time="0.06">
    </testcase>
  </testsuite>
</testsuites>