<?xml version="1.0" encoding="utf-8"?><testsuites name="pytest tests"><testsuite name="pytest" errors="0" failures="0" skipped="0" tests="14" time="0.449" timestamp="2026-04-26T13:04:45.906028+05:00" hostname="DESKTOP-LQBNJ62"><testcase classname="testing.unit.test_backtester" name="test_merge_data_renames_final_signal_to_signal_and_sets_datetime_index" time="0.007" /><testcase classname="testing.unit.test_backtester" name="test_run_long_trade_hits_take_profit" time="0.005" /><testcase classname="testing.unit.test_backtester" name="test_run_short_trade_hits_stop_loss" time="0.004" /><testcase classname="testing.unit.test_backtester" name="test_balance_protection_stops_backtest_when_below_min_balance" time="0.005" /><testcase classname="testing.unit.test_indicator_utils" name="test_get_enabled_indicators_is_case_insensitive" time="0.000" /><testcase classname="testing.unit.test_indicator_utils" name="test_indicator_config_random_window_returns_none_if_no_windows" time="0.000" /><testcase classname="testing.unit.test_indicator_utils" name="test_random_select_indicators_returns_at_most_n_and_subset" time="0.000" /><testcase classname="testing.unit.test_indicator_utils" name="test_random_select_indicators_when_n_exceeds_length_returns_all_unique" time="0.000" /><testcase classname="testing.unit.test_signal_rules" name="test_rsi_rule_overbought_is_sell" time="0.000" /><testcase classname="testing.unit.test_signal_rules" name="test_rsi_rule_oversold_is_buy" time="0.000" /><testcase classname="testing.unit.test_signal_rules" name="test_rsi_rule_neutral_is_hold" time="0.000" /><testcase classname="testing.unit.test_signal_rules" name="test_macd_rule_sign_logic" time="0.000" /><testcase classname="testing.unit.test_signal_rules" name="test_sma_rule_requires_row_close_vs_sma" time="0.000" /><testcase classname="testing.unit.test_signal_rules" name="test_signal_rules_accept_numpy_scalars" time="0.000" /></testsuite></testsuites>